{
  "RSpec": {
    "coverage": {
      "/home/ihorshkidchenko/RubyGarage/rg_web_codebreaker/autoload.rb": [
        null,
        null,
        1,
        1,
        1,
        1,
        1,
        1,
        1
      ],
      "/home/ihorshkidchenko/RubyGarage/rg_web_codebreaker/config/i18n.rb": [
        null,
        null,
        1
      ],
      "/home/ihorshkidchenko/RubyGarage/rg_web_codebreaker/lib/modules/rack_helper.rb": [
        null,
        null,
        1,
        1,
        479,
        null,
        null,
        1,
        424,
        null,
        null,
        1,
        57,
        57,
        57,
        null,
        null
      ],
      "/home/ihorshkidchenko/RubyGarage/rg_web_codebreaker/lib/entities/codebreaker_rack.rb": [
        null,
        null,
        1,
        null,
        1,
        1,
        null,
        1,
        null,
        null,
        null,
        null,
        null,
        null,
        null,
        null,
        1,
        null,
        null,
        null,
        null,
        null,
        null,
        null,
        null,
        null,
        null,
        null,
        1,
        null,
        1,
        271,
        null,
        null,
        1,
        272,
        272,
        null,
        null,
        1,
        271,
        null,
        269,
        null,
        null,
        1,
        8,
        null,
        null,
        1,
        9,
        9,
        9,
        null,
        null,
        1,
        null,
        1,
        104,
        16,
        2,
        2,
        9,
        75,
        null,
        null,
        null,
        1,
        165,
        165,
        28,
        3,
        17,
        23,
        22,
        72,
        null,
        null,
        null,
        1,
        45,
        null,
        null,
        1,
        271,
        null,
        null
      ],
      "/home/ihorshkidchenko/RubyGarage/rg_web_codebreaker/lib/entities/game_master.rb": [
        null,
        null,
        1,
        1,
        null,
        1,
        1,
        null,
        1,
        1,
        null,
        null,
        null,
        null,
        null,
        1,
        272,
        null,
        null,
        1,
        165,
        165,
        null,
        4,
        4,
        null,
        null,
        1,
        9,
        9,
        9,
        null,
        5,
        5,
        null,
        null,
        1,
        3,
        3,
        null,
        null,
        1,
        17,
        17,
        12,
        null,
        8,
        8,
        null,
        null,
        1,
        null,
        1,
        9,
        null,
        null,
        1,
        25,
        25,
        null,
        null,
        1,
        11,
        null,
        null,
        1,
        5,
        5,
        5,
        null,
        null,
        1,
        4,
        4,
        null,
        null
      ]
    },
    "timestamp": 1545754476
  }
}
